<?xml version="1.0" encoding="UTF-8"?>
<coverage generated="1622951058310" clover="3.2.0">
  <project timestamp="1622951058310" name="All files">
    <metrics statements="105" coveredstatements="85" conditionals="50" coveredconditionals="33" methods="34" coveredmethods="22" elements="189" coveredelements="140" complexity="0" loc="105" ncloc="105" packages="5" files="9" classes="9"/>
    <package name="src">
      <metrics statements="11" coveredstatements="5" conditionals="2" coveredconditionals="0" methods="6" coveredmethods="0"/>
      <file name="Navigation.tsx" path="/Users/hagar/Desktop/RickAndMortyApp/src/Navigation.tsx">
        <metrics statements="11" coveredstatements="5" conditionals="2" coveredconditionals="0" methods="6" coveredmethods="0"/>
        <line num="16" count="1" type="stmt"/>
        <line num="17" count="1" type="stmt"/>
        <line num="32" count="1" type="stmt"/>
        <line num="35" count="1" type="stmt"/>
        <line num="37" count="0" type="stmt"/>
        <line num="40" count="0" type="stmt"/>
        <line num="47" count="0" type="stmt"/>
        <line num="53" count="0" type="stmt"/>
        <line num="62" count="0" type="stmt"/>
        <line num="72" count="1" type="stmt"/>
        <line num="73" count="0" type="stmt"/>
      </file>
    </package>
    <package name="src.components">
      <metrics statements="30" coveredstatements="27" conditionals="8" coveredconditionals="6" methods="10" coveredmethods="8"/>
      <file name="CharacterDetailsItem.tsx" path="/Users/hagar/Desktop/RickAndMortyApp/src/components/CharacterDetailsItem.tsx">
        <metrics statements="9" coveredstatements="9" conditionals="0" coveredconditionals="0" methods="4" coveredmethods="4"/>
        <line num="15" count="2" type="stmt"/>
        <line num="17" count="15" type="stmt"/>
        <line num="18" count="15" type="stmt"/>
        <line num="27" count="15" type="stmt"/>
        <line num="28" count="15" type="stmt"/>
        <line num="37" count="15" type="stmt"/>
        <line num="39" count="15" type="stmt"/>
        <line num="51" count="15" type="stmt"/>
        <line num="58" count="2" type="stmt"/>
      </file>
      <file name="CharacterListItem.tsx" path="/Users/hagar/Desktop/RickAndMortyApp/src/components/CharacterListItem.tsx">
        <metrics statements="18" coveredstatements="16" conditionals="8" coveredconditionals="6" methods="5" coveredmethods="4"/>
        <line num="15" count="1" type="stmt"/>
        <line num="17" count="1" type="stmt"/>
        <line num="19" count="10" type="stmt"/>
        <line num="20" count="10" type="stmt"/>
        <line num="24" count="10" type="stmt"/>
        <line num="25" count="10" type="stmt"/>
        <line num="26" count="10" type="cond" truecount="1" falsecount="1"/>
        <line num="27" count="0" type="stmt"/>
        <line num="29" count="10" type="cond" truecount="1" falsecount="1"/>
        <line num="31" count="10" type="stmt"/>
        <line num="38" count="10" type="stmt"/>
        <line num="39" count="10" type="stmt"/>
        <line num="40" count="10" type="cond" truecount="2" falsecount="0"/>
        <line num="41" count="5" type="stmt"/>
        <line num="48" count="5" type="stmt"/>
        <line num="57" count="10" type="stmt"/>
        <line num="61" count="0" type="stmt"/>
        <line num="70" count="1" type="stmt"/>
      </file>
      <file name="EpisodInfoItem.tsx" path="/Users/hagar/Desktop/RickAndMortyApp/src/components/EpisodInfoItem.tsx">
        <metrics statements="3" coveredstatements="2" conditionals="0" coveredconditionals="0" methods="1" coveredmethods="0"/>
        <line num="15" count="2" type="stmt"/>
        <line num="17" count="0" type="stmt"/>
        <line num="28" count="2" type="stmt"/>
      </file>
    </package>
    <package name="src.graphql.queries">
      <metrics statements="2" coveredstatements="2" conditionals="0" coveredconditionals="0" methods="0" coveredmethods="0"/>
      <file name="requests.ts" path="/Users/hagar/Desktop/RickAndMortyApp/src/graphql/queries/requests.ts">
        <metrics statements="2" coveredstatements="2" conditionals="0" coveredconditionals="0" methods="0" coveredmethods="0"/>
        <line num="7" count="2" type="stmt"/>
        <line num="23" count="2" type="stmt"/>
      </file>
    </package>
    <package name="src.screens.CharacterDetails">
      <metrics statements="16" coveredstatements="14" conditionals="6" coveredconditionals="5" methods="5" coveredmethods="3"/>
      <file name="CharacterDetailsScreen.tsx" path="/Users/hagar/Desktop/RickAndMortyApp/src/screens/CharacterDetails/CharacterDetailsScreen.tsx">
        <metrics statements="10" coveredstatements="8" conditionals="4" coveredconditionals="4" methods="3" coveredmethods="1"/>
        <line num="15" count="2" type="stmt"/>
        <line num="16" count="15" type="stmt"/>
        <line num="17" count="15" type="stmt"/>
        <line num="24" count="15" type="cond" truecount="2" falsecount="0"/>
        <line num="25" count="5" type="stmt"/>
        <line num="28" count="15" type="stmt"/>
        <line num="30" count="0" type="stmt"/>
        <line num="35" count="15" type="stmt"/>
        <line num="47" count="0" type="stmt"/>
        <line num="56" count="2" type="stmt"/>
      </file>
      <file name="useCharacterDetails.ts" path="/Users/hagar/Desktop/RickAndMortyApp/src/screens/CharacterDetails/useCharacterDetails.ts">
        <metrics statements="6" coveredstatements="6" conditionals="2" coveredconditionals="1" methods="2" coveredmethods="2"/>
        <line num="23" count="2" type="stmt"/>
        <line num="25" count="15" type="stmt"/>
        <line num="33" count="15" type="stmt"/>
        <line num="34" count="5" type="cond" truecount="1" falsecount="1"/>
        <line num="35" count="5" type="stmt"/>
        <line num="39" count="15" type="stmt"/>
      </file>
    </package>
    <package name="src.screens.CharacterList">
      <metrics statements="46" coveredstatements="37" conditionals="34" coveredconditionals="22" methods="13" coveredmethods="11"/>
      <file name="CharactersListScreen.tsx" path="/Users/hagar/Desktop/RickAndMortyApp/src/screens/CharacterList/CharactersListScreen.tsx">
        <metrics statements="25" coveredstatements="22" conditionals="18" coveredconditionals="15" methods="8" coveredmethods="7"/>
        <line num="21" count="1" type="stmt"/>
        <line num="22" count="21" type="stmt"/>
        <line num="24" count="21" type="stmt"/>
        <line num="25" count="20" type="stmt"/>
        <line num="30" count="18" type="stmt"/>
        <line num="32" count="18" type="cond" truecount="2" falsecount="0"/>
        <line num="33" count="4" type="cond" truecount="3" falsecount="1"/>
        <line num="34" count="0" type="stmt"/>
        <line num="39" count="18" type="stmt"/>
        <line num="40" count="18" type="cond" truecount="3" falsecount="1"/>
        <line num="41" count="0" type="stmt"/>
        <line num="47" count="18" type="stmt"/>
        <line num="51" count="18" type="stmt"/>
        <line num="52" count="17" type="cond" truecount="4" falsecount="0"/>
        <line num="53" count="12" type="stmt"/>
        <line num="64" count="5" type="stmt"/>
        <line num="67" count="18" type="stmt"/>
        <line num="68" count="10" type="stmt"/>
        <line num="73" count="0" type="stmt"/>
        <line num="84" count="18" type="stmt"/>
        <line num="94" count="1" type="stmt"/>
        <line num="95" count="1" type="stmt"/>
        <line num="106" count="31" type="stmt"/>
        <line num="110" count="13" type="stmt"/>
        <line num="124" count="1" type="stmt"/>
      </file>
      <file name="useCharacterList.ts" path="/Users/hagar/Desktop/RickAndMortyApp/src/screens/CharacterList/useCharacterList.ts">
        <metrics statements="21" coveredstatements="15" conditionals="16" coveredconditionals="7" methods="5" coveredmethods="4"/>
        <line num="27" count="1" type="stmt"/>
        <line num="28" count="20" type="stmt"/>
        <line num="29" count="20" type="stmt"/>
        <line num="32" count="20" type="stmt"/>
        <line num="41" count="18" type="stmt"/>
        <line num="42" count="7" type="cond" truecount="1" falsecount="1"/>
        <line num="43" count="7" type="stmt"/>
        <line num="47" count="18" type="stmt"/>
        <line num="48" count="8" type="cond" truecount="4" falsecount="0"/>
        <line num="49" count="1" type="stmt"/>
        <line num="50" count="7" type="cond" truecount="1" falsecount="1"/>
        <line num="54" count="0" type="stmt"/>
        <line num="58" count="18" type="stmt"/>
        <line num="59" count="7" type="stmt"/>
        <line num="63" count="18" type="stmt"/>
        <line num="64" count="0" type="cond" truecount="0" falsecount="2"/>
        <line num="65" count="0" type="stmt"/>
        <line num="66" count="0" type="cond" truecount="0" falsecount="2"/>
        <line num="67" count="0" type="cond" truecount="0" falsecount="2"/>
        <line num="68" count="0" type="stmt"/>
        <line num="73" count="18" type="stmt"/>
      </file>
    </package>
  </project>
</coverage>
