{"/Users/hagar/Desktop/RickAndMortyApp/src/Navigation.tsx": {"path":"/Users/hagar/Desktop/RickAndMortyApp/src/Navigation.tsx","statementMap":{"0":{"start":{"line":16,"column":48},"end":{"line":16,"column":82}},"1":{"start":{"line":17,"column":51},"end":{"line":17,"column":88}},"2":{"start":{"line":32,"column":14},"end":{"line":32,"column":56}},"3":{"start":{"line":35,"column":18},"end":{"line":70,"column":1}},"4":{"start":{"line":37,"column":2},"end":{"line":69,"column":4}},"5":{"start":{"line":40,"column":25},"end":{"line":48,"column":5}},"6":{"start":{"line":47,"column":29},"end":{"line":47,"column":67}},"7":{"start":{"line":53,"column":25},"end":{"line":55,"column":7}},"8":{"start":{"line":62,"column":32},"end":{"line":65,"column":7}},"9":{"start":{"line":72,"column":35},"end":{"line":78,"column":1}},"10":{"start":{"line":73,"column":2},"end":{"line":77,"column":4}}},"fnMap":{"0":{"name":"(anonymous_0)","decl":{"start":{"line":35,"column":18},"end":{"line":35,"column":19}},"loc":{"start":{"line":35,"column":24},"end":{"line":70,"column":1}},"line":35},"1":{"name":"(anonymous_1)","decl":{"start":{"line":40,"column":18},"end":{"line":40,"column":19}},"loc":{"start":{"line":40,"column":25},"end":{"line":48,"column":5}},"line":40},"2":{"name":"(anonymous_2)","decl":{"start":{"line":47,"column":23},"end":{"line":47,"column":24}},"loc":{"start":{"line":47,"column":29},"end":{"line":47,"column":67}},"line":47},"3":{"name":"(anonymous_3)","decl":{"start":{"line":53,"column":15},"end":{"line":53,"column":16}},"loc":{"start":{"line":53,"column":25},"end":{"line":55,"column":7}},"line":53},"4":{"name":"(anonymous_4)","decl":{"start":{"line":62,"column":15},"end":{"line":62,"column":16}},"loc":{"start":{"line":62,"column":32},"end":{"line":65,"column":7}},"line":62},"5":{"name":"(anonymous_5)","decl":{"start":{"line":72,"column":35},"end":{"line":72,"column":36}},"loc":{"start":{"line":72,"column":41},"end":{"line":78,"column":1}},"line":72}},"branchMap":{"0":{"loc":{"start":{"line":64,"column":15},"end":{"line":64,"column":48}},"type":"binary-expr","locations":[{"start":{"line":64,"column":15},"end":{"line":64,"column":35}},{"start":{"line":64,"column":39},"end":{"line":64,"column":48}}],"line":64}},"s":{"0":1,"1":1,"2":1,"3":1,"4":0,"5":0,"6":0,"7":0,"8":0,"9":1,"10":0},"f":{"0":0,"1":0,"2":0,"3":0,"4":0,"5":0},"b":{"0":[0,0]},"_coverageSchema":"1a1c01bbd47fc00a2c39e90264f33305004495a9","hash":"0d6f204ffd44c5cb2fcb9903b2c1edb545cbf990"}
,"/Users/hagar/Desktop/RickAndMortyApp/src/components/CharacterDetailsItem.tsx": {"path":"/Users/hagar/Desktop/RickAndMortyApp/src/components/CharacterDetailsItem.tsx","statementMap":{"0":{"start":{"line":15,"column":47},"end":{"line":56,"column":1}},"1":{"start":{"line":17,"column":30},"end":{"line":26,"column":3}},"2":{"start":{"line":18,"column":4},"end":{"line":25,"column":11}},"3":{"start":{"line":27,"column":22},"end":{"line":35,"column":3}},"4":{"start":{"line":28,"column":4},"end":{"line":34,"column":6}},"5":{"start":{"line":37,"column":24},"end":{"line":48,"column":3}},"6":{"start":{"line":39,"column":4},"end":{"line":45,"column":6}},"7":{"start":{"line":51,"column":2},"end":{"line":55,"column":4}},"8":{"start":{"line":58,"column":15},"end":{"line":86,"column":2}}},"fnMap":{"0":{"name":"(anonymous_0)","decl":{"start":{"line":15,"column":47},"end":{"line":15,"column":48}},"loc":{"start":{"line":15,"column":68},"end":{"line":56,"column":1}},"line":15},"1":{"name":"(anonymous_1)","decl":{"start":{"line":17,"column":30},"end":{"line":17,"column":31}},"loc":{"start":{"line":18,"column":4},"end":{"line":25,"column":11}},"line":18},"2":{"name":"(anonymous_2)","decl":{"start":{"line":27,"column":22},"end":{"line":27,"column":23}},"loc":{"start":{"line":27,"column":28},"end":{"line":35,"column":3}},"line":27},"3":{"name":"(anonymous_3)","decl":{"start":{"line":37,"column":24},"end":{"line":37,"column":25}},"loc":{"start":{"line":37,"column":30},"end":{"line":48,"column":3}},"line":37}},"branchMap":{},"s":{"0":2,"1":15,"2":15,"3":15,"4":15,"5":15,"6":15,"7":15,"8":2},"f":{"0":15,"1":15,"2":15,"3":15},"b":{},"_coverageSchema":"1a1c01bbd47fc00a2c39e90264f33305004495a9","hash":"c17f266044d20af9717eea9a50644845791756c7"}
,"/Users/hagar/Desktop/RickAndMortyApp/src/components/CharacterListItem.tsx": {"path":"/Users/hagar/Desktop/RickAndMortyApp/src/components/CharacterListItem.tsx","statementMap":{"0":{"start":{"line":15,"column":20},"end":{"line":15,"column":22}},"1":{"start":{"line":17,"column":44},"end":{"line":68,"column":1}},"2":{"start":{"line":19,"column":21},"end":{"line":23,"column":3}},"3":{"start":{"line":20,"column":4},"end":{"line":22,"column":11}},"4":{"start":{"line":24,"column":22},"end":{"line":36,"column":3}},"5":{"start":{"line":25,"column":19},"end":{"line":25,"column":29}},"6":{"start":{"line":26,"column":4},"end":{"line":28,"column":5}},"7":{"start":{"line":27,"column":6},"end":{"line":27,"column":18}},"8":{"start":{"line":29,"column":16},"end":{"line":29,"column":43}},"9":{"start":{"line":31,"column":4},"end":{"line":35,"column":6}},"10":{"start":{"line":38,"column":24},"end":{"line":54,"column":3}},"11":{"start":{"line":39,"column":20},"end":{"line":39,"column":35}},"12":{"start":{"line":40,"column":4},"end":{"line":47,"column":5}},"13":{"start":{"line":41,"column":6},"end":{"line":46,"column":8}},"14":{"start":{"line":48,"column":4},"end":{"line":53,"column":6}},"15":{"start":{"line":57,"column":2},"end":{"line":67,"column":4}},"16":{"start":{"line":61,"column":8},"end":{"line":61,"column":22}},"17":{"start":{"line":70,"column":15},"end":{"line":111,"column":2}}},"fnMap":{"0":{"name":"(anonymous_0)","decl":{"start":{"line":17,"column":44},"end":{"line":17,"column":45}},"loc":{"start":{"line":17,"column":81},"end":{"line":68,"column":1}},"line":17},"1":{"name":"(anonymous_1)","decl":{"start":{"line":19,"column":21},"end":{"line":19,"column":22}},"loc":{"start":{"line":20,"column":4},"end":{"line":22,"column":11}},"line":20},"2":{"name":"(anonymous_2)","decl":{"start":{"line":24,"column":22},"end":{"line":24,"column":23}},"loc":{"start":{"line":24,"column":44},"end":{"line":36,"column":3}},"line":24},"3":{"name":"(anonymous_3)","decl":{"start":{"line":38,"column":24},"end":{"line":38,"column":25}},"loc":{"start":{"line":38,"column":30},"end":{"line":54,"column":3}},"line":38},"4":{"name":"(anonymous_4)","decl":{"start":{"line":60,"column":15},"end":{"line":60,"column":16}},"loc":{"start":{"line":60,"column":21},"end":{"line":62,"column":7}},"line":60}},"branchMap":{"0":{"loc":{"start":{"line":26,"column":4},"end":{"line":28,"column":5}},"type":"if","locations":[{"start":{"line":26,"column":4},"end":{"line":28,"column":5}},{"start":{"line":26,"column":4},"end":{"line":28,"column":5}}],"line":26},"1":{"loc":{"start":{"line":29,"column":19},"end":{"line":29,"column":31}},"type":"binary-expr","locations":[{"start":{"line":29,"column":19},"end":{"line":29,"column":25}},{"start":{"line":29,"column":29},"end":{"line":29,"column":31}}],"line":29},"2":{"loc":{"start":{"line":32,"column":19},"end":{"line":32,"column":55}},"type":"cond-expr","locations":[{"start":{"line":32,"column":29},"end":{"line":32,"column":41}},{"start":{"line":32,"column":44},"end":{"line":32,"column":55}}],"line":32},"3":{"loc":{"start":{"line":40,"column":4},"end":{"line":47,"column":5}},"type":"if","locations":[{"start":{"line":40,"column":4},"end":{"line":47,"column":5}},{"start":{"line":40,"column":4},"end":{"line":47,"column":5}}],"line":40}},"s":{"0":1,"1":1,"2":10,"3":10,"4":10,"5":10,"6":10,"7":0,"8":10,"9":10,"10":10,"11":10,"12":10,"13":5,"14":5,"15":10,"16":0,"17":1},"f":{"0":10,"1":10,"2":10,"3":10,"4":0},"b":{"0":[0,10],"1":[10,0],"2":[5,5],"3":[5,5]},"_coverageSchema":"1a1c01bbd47fc00a2c39e90264f33305004495a9","hash":"f345a224421fe6034f7954b44f2d595b6c327bdd"}
,"/Users/hagar/Desktop/RickAndMortyApp/src/components/EpisodInfoItem.tsx": {"path":"/Users/hagar/Desktop/RickAndMortyApp/src/components/EpisodInfoItem.tsx","statementMap":{"0":{"start":{"line":15,"column":41},"end":{"line":26,"column":1}},"1":{"start":{"line":17,"column":2},"end":{"line":25,"column":4}},"2":{"start":{"line":28,"column":15},"end":{"line":42,"column":2}}},"fnMap":{"0":{"name":"(anonymous_0)","decl":{"start":{"line":15,"column":41},"end":{"line":15,"column":42}},"loc":{"start":{"line":15,"column":62},"end":{"line":26,"column":1}},"line":15}},"branchMap":{},"s":{"0":2,"1":0,"2":2},"f":{"0":0},"b":{},"_coverageSchema":"1a1c01bbd47fc00a2c39e90264f33305004495a9","hash":"f381fb04360619550ed1e8ba0a9059888a27b8d4"}
,"/Users/hagar/Desktop/RickAndMortyApp/src/graphql/queries/requests.ts": {"path":"/Users/hagar/Desktop/RickAndMortyApp/src/graphql/queries/requests.ts","statementMap":{"0":{"start":{"line":7,"column":32},"end":{"line":21,"column":1}},"1":{"start":{"line":23,"column":37},"end":{"line":37,"column":1}}},"fnMap":{},"branchMap":{},"s":{"0":2,"1":2},"f":{},"b":{},"_coverageSchema":"1a1c01bbd47fc00a2c39e90264f33305004495a9","hash":"503769442330b0711ef0b7ad21c2d8161aa880f9"}
,"/Users/hagar/Desktop/RickAndMortyApp/src/screens/CharacterDetails/CharacterDetailsScreen.tsx": {"path":"/Users/hagar/Desktop/RickAndMortyApp/src/screens/CharacterDetails/CharacterDetailsScreen.tsx","statementMap":{"0":{"start":{"line":15,"column":41},"end":{"line":54,"column":1}},"1":{"start":{"line":16,"column":16},"end":{"line":16,"column":26}},"2":{"start":{"line":17,"column":35},"end":{"line":19,"column":4}},"3":{"start":{"line":24,"column":2},"end":{"line":26,"column":3}},"4":{"start":{"line":25,"column":4},"end":{"line":25,"column":22}},"5":{"start":{"line":28,"column":23},"end":{"line":33,"column":3}},"6":{"start":{"line":30,"column":4},"end":{"line":32,"column":6}},"7":{"start":{"line":35,"column":2},"end":{"line":53,"column":4}},"8":{"start":{"line":47,"column":36},"end":{"line":47,"column":40}},"9":{"start":{"line":56,"column":15},"end":{"line":78,"column":2}}},"fnMap":{"0":{"name":"(anonymous_0)","decl":{"start":{"line":15,"column":41},"end":{"line":15,"column":42}},"loc":{"start":{"line":15,"column":47},"end":{"line":54,"column":1}},"line":15},"1":{"name":"(anonymous_1)","decl":{"start":{"line":28,"column":23},"end":{"line":28,"column":24}},"loc":{"start":{"line":28,"column":70},"end":{"line":33,"column":3}},"line":28},"2":{"name":"(anonymous_2)","decl":{"start":{"line":47,"column":22},"end":{"line":47,"column":23}},"loc":{"start":{"line":47,"column":36},"end":{"line":47,"column":40}},"line":47}},"branchMap":{"0":{"loc":{"start":{"line":24,"column":2},"end":{"line":26,"column":3}},"type":"if","locations":[{"start":{"line":24,"column":2},"end":{"line":26,"column":3}},{"start":{"line":24,"column":2},"end":{"line":26,"column":3}}],"line":24},"1":{"loc":{"start":{"line":41,"column":7},"end":{"line":42,"column":93}},"type":"binary-expr","locations":[{"start":{"line":41,"column":7},"end":{"line":41,"column":13}},{"start":{"line":42,"column":6},"end":{"line":42,"column":93}}],"line":41}},"s":{"0":2,"1":15,"2":15,"3":15,"4":5,"5":15,"6":0,"7":15,"8":0,"9":2},"f":{"0":15,"1":0,"2":0},"b":{"0":[5,10],"1":[15,10]},"_coverageSchema":"1a1c01bbd47fc00a2c39e90264f33305004495a9","hash":"e197352d62f7f65a0577af636aae0885b571e437"}
,"/Users/hagar/Desktop/RickAndMortyApp/src/screens/CharacterDetails/useCharacterDetails.ts": {"path":"/Users/hagar/Desktop/RickAndMortyApp/src/screens/CharacterDetails/useCharacterDetails.ts","statementMap":{"0":{"start":{"line":23,"column":35},"end":{"line":45,"column":1}},"1":{"start":{"line":25,"column":4},"end":{"line":31,"column":6}},"2":{"start":{"line":33,"column":2},"end":{"line":37,"column":9}},"3":{"start":{"line":34,"column":4},"end":{"line":36,"column":5}},"4":{"start":{"line":35,"column":6},"end":{"line":35,"column":28}},"5":{"start":{"line":39,"column":2},"end":{"line":44,"column":4}}},"fnMap":{"0":{"name":"(anonymous_0)","decl":{"start":{"line":23,"column":35},"end":{"line":23,"column":36}},"loc":{"start":{"line":23,"column":71},"end":{"line":45,"column":1}},"line":23},"1":{"name":"(anonymous_1)","decl":{"start":{"line":33,"column":12},"end":{"line":33,"column":13}},"loc":{"start":{"line":33,"column":18},"end":{"line":37,"column":3}},"line":33}},"branchMap":{"0":{"loc":{"start":{"line":34,"column":4},"end":{"line":36,"column":5}},"type":"if","locations":[{"start":{"line":34,"column":4},"end":{"line":36,"column":5}},{"start":{"line":34,"column":4},"end":{"line":36,"column":5}}],"line":34}},"s":{"0":2,"1":15,"2":15,"3":5,"4":5,"5":15},"f":{"0":15,"1":5},"b":{"0":[5,0]},"_coverageSchema":"1a1c01bbd47fc00a2c39e90264f33305004495a9","hash":"2ffbe226d58fb1011da2bb92d02990557cf3e61d"}
,"/Users/hagar/Desktop/RickAndMortyApp/src/screens/CharacterList/CharactersListScreen.tsx": {"path":"/Users/hagar/Desktop/RickAndMortyApp/src/screens/CharacterList/CharactersListScreen.tsx","statementMap":{"0":{"start":{"line":21,"column":39},"end":{"line":122,"column":1}},"1":{"start":{"line":22,"column":19},"end":{"line":22,"column":25}},"2":{"start":{"line":24,"column":36},"end":{"line":24,"column":48}},"3":{"start":{"line":25,"column":51},"end":{"line":28,"column":4}},"4":{"start":{"line":30,"column":21},"end":{"line":30,"column":36}},"5":{"start":{"line":32,"column":2},"end":{"line":36,"column":3}},"6":{"start":{"line":33,"column":4},"end":{"line":35,"column":5}},"7":{"start":{"line":34,"column":6},"end":{"line":34,"column":24}},"8":{"start":{"line":39,"column":26},"end":{"line":48,"column":3}},"9":{"start":{"line":40,"column":4},"end":{"line":46,"column":5}},"10":{"start":{"line":41,"column":6},"end":{"line":45,"column":8}},"11":{"start":{"line":47,"column":4},"end":{"line":47,"column":16}},"12":{"start":{"line":51,"column":29},"end":{"line":65,"column":3}},"13":{"start":{"line":52,"column":4},"end":{"line":63,"column":5}},"14":{"start":{"line":53,"column":6},"end":{"line":62,"column":8}},"15":{"start":{"line":64,"column":4},"end":{"line":64,"column":16}},"16":{"start":{"line":67,"column":26},"end":{"line":81,"column":3}},"17":{"start":{"line":68,"column":4},"end":{"line":80,"column":6}},"18":{"start":{"line":73,"column":10},"end":{"line":76,"column":13}},"19":{"start":{"line":84,"column":2},"end":{"line":121,"column":4}},"20":{"start":{"line":94,"column":12},"end":{"line":94,"column":66}},"21":{"start":{"line":95,"column":12},"end":{"line":95,"column":30}},"22":{"start":{"line":106,"column":21},"end":{"line":106,"column":36}},"23":{"start":{"line":110,"column":30},"end":{"line":110,"column":42}},"24":{"start":{"line":124,"column":15},"end":{"line":145,"column":2}}},"fnMap":{"0":{"name":"(anonymous_0)","decl":{"start":{"line":21,"column":39},"end":{"line":21,"column":40}},"loc":{"start":{"line":21,"column":45},"end":{"line":122,"column":1}},"line":21},"1":{"name":"(anonymous_1)","decl":{"start":{"line":39,"column":26},"end":{"line":39,"column":27}},"loc":{"start":{"line":39,"column":32},"end":{"line":48,"column":3}},"line":39},"2":{"name":"(anonymous_2)","decl":{"start":{"line":51,"column":29},"end":{"line":51,"column":30}},"loc":{"start":{"line":51,"column":35},"end":{"line":65,"column":3}},"line":51},"3":{"name":"(anonymous_3)","decl":{"start":{"line":67,"column":26},"end":{"line":67,"column":27}},"loc":{"start":{"line":67,"column":87},"end":{"line":81,"column":3}},"line":67},"4":{"name":"(anonymous_4)","decl":{"start":{"line":71,"column":17},"end":{"line":71,"column":18}},"loc":{"start":{"line":71,"column":23},"end":{"line":77,"column":9}},"line":71},"5":{"name":"(anonymous_5)","decl":{"start":{"line":93,"column":24},"end":{"line":93,"column":25}},"loc":{"start":{"line":93,"column":34},"end":{"line":97,"column":11}},"line":93},"6":{"name":"(anonymous_6)","decl":{"start":{"line":106,"column":13},"end":{"line":106,"column":14}},"loc":{"start":{"line":106,"column":20},"end":{"line":106,"column":37}},"line":106},"7":{"name":"(anonymous_7)","decl":{"start":{"line":110,"column":22},"end":{"line":110,"column":23}},"loc":{"start":{"line":110,"column":30},"end":{"line":110,"column":42}},"line":110}},"branchMap":{"0":{"loc":{"start":{"line":32,"column":2},"end":{"line":36,"column":3}},"type":"if","locations":[{"start":{"line":32,"column":2},"end":{"line":36,"column":3}},{"start":{"line":32,"column":2},"end":{"line":36,"column":3}}],"line":32},"1":{"loc":{"start":{"line":33,"column":4},"end":{"line":35,"column":5}},"type":"if","locations":[{"start":{"line":33,"column":4},"end":{"line":35,"column":5}},{"start":{"line":33,"column":4},"end":{"line":35,"column":5}}],"line":33},"2":{"loc":{"start":{"line":33,"column":8},"end":{"line":33,"column":46}},"type":"binary-expr","locations":[{"start":{"line":33,"column":8},"end":{"line":33,"column":19}},{"start":{"line":33,"column":21},"end":{"line":33,"column":46}}],"line":33},"3":{"loc":{"start":{"line":40,"column":4},"end":{"line":46,"column":5}},"type":"if","locations":[{"start":{"line":40,"column":4},"end":{"line":46,"column":5}},{"start":{"line":40,"column":4},"end":{"line":46,"column":5}}],"line":40},"4":{"loc":{"start":{"line":40,"column":8},"end":{"line":40,"column":42}},"type":"binary-expr","locations":[{"start":{"line":40,"column":8},"end":{"line":40,"column":15}},{"start":{"line":40,"column":19},"end":{"line":40,"column":42}}],"line":40},"5":{"loc":{"start":{"line":52,"column":4},"end":{"line":63,"column":5}},"type":"if","locations":[{"start":{"line":52,"column":4},"end":{"line":63,"column":5}},{"start":{"line":52,"column":4},"end":{"line":63,"column":5}}],"line":52},"6":{"loc":{"start":{"line":52,"column":8},"end":{"line":52,"column":43}},"type":"binary-expr","locations":[{"start":{"line":52,"column":8},"end":{"line":52,"column":16}},{"start":{"line":52,"column":20},"end":{"line":52,"column":43}}],"line":52},"7":{"loc":{"start":{"line":55,"column":11},"end":{"line":56,"column":78}},"type":"binary-expr","locations":[{"start":{"line":55,"column":11},"end":{"line":55,"column":37}},{"start":{"line":56,"column":19},"end":{"line":56,"column":78}}],"line":55},"8":{"loc":{"start":{"line":58,"column":10},"end":{"line":59,"column":76}},"type":"binary-expr","locations":[{"start":{"line":58,"column":10},"end":{"line":58,"column":16}},{"start":{"line":59,"column":10},"end":{"line":59,"column":76}}],"line":58}},"s":{"0":1,"1":21,"2":21,"3":20,"4":18,"5":18,"6":4,"7":0,"8":18,"9":18,"10":0,"11":18,"12":18,"13":17,"14":12,"15":5,"16":18,"17":10,"18":0,"19":18,"20":1,"21":1,"22":31,"23":13,"24":1},"f":{"0":21,"1":18,"2":17,"3":10,"4":0,"5":1,"6":31,"7":13},"b":{"0":[4,14],"1":[0,4],"2":[4,4],"3":[0,18],"4":[18,5],"5":[12,5],"6":[17,12],"7":[12,0],"8":[12,8]},"_coverageSchema":"1a1c01bbd47fc00a2c39e90264f33305004495a9","hash":"bdbf311a92e8cdf8981fbadc1a64f20ccc9629f7"}
,"/Users/hagar/Desktop/RickAndMortyApp/src/screens/CharacterList/useCharacterList.ts": {"path":"/Users/hagar/Desktop/RickAndMortyApp/src/screens/CharacterList/useCharacterList.ts","statementMap":{"0":{"start":{"line":27,"column":32},"end":{"line":80,"column":1}},"1":{"start":{"line":28,"column":38},"end":{"line":28,"column":72}},"2":{"start":{"line":29,"column":40},"end":{"line":29,"column":51}},"3":{"start":{"line":32,"column":4},"end":{"line":39,"column":6}},"4":{"start":{"line":41,"column":2},"end":{"line":45,"column":39}},"5":{"start":{"line":42,"column":4},"end":{"line":44,"column":5}},"6":{"start":{"line":43,"column":6},"end":{"line":43,"column":26}},"7":{"start":{"line":47,"column":2},"end":{"line":56,"column":13}},"8":{"start":{"line":48,"column":4},"end":{"line":55,"column":5}},"9":{"start":{"line":49,"column":6},"end":{"line":49,"column":47}},"10":{"start":{"line":50,"column":11},"end":{"line":55,"column":5}},"11":{"start":{"line":54,"column":6},"end":{"line":54,"column":67}},"12":{"start":{"line":58,"column":2},"end":{"line":61,"column":18}},"13":{"start":{"line":59,"column":4},"end":{"line":59,"column":31}},"14":{"start":{"line":63,"column":19},"end":{"line":71,"column":3}},"15":{"start":{"line":64,"column":4},"end":{"line":70,"column":5}},"16":{"start":{"line":65,"column":6},"end":{"line":65,"column":13}},"17":{"start":{"line":66,"column":11},"end":{"line":70,"column":5}},"18":{"start":{"line":67,"column":6},"end":{"line":69,"column":7}},"19":{"start":{"line":68,"column":8},"end":{"line":68,"column":40}},"20":{"start":{"line":73,"column":2},"end":{"line":79,"column":4}}},"fnMap":{"0":{"name":"(anonymous_0)","decl":{"start":{"line":27,"column":32},"end":{"line":27,"column":33}},"loc":{"start":{"line":27,"column":78},"end":{"line":80,"column":1}},"line":27},"1":{"name":"(anonymous_1)","decl":{"start":{"line":41,"column":12},"end":{"line":41,"column":13}},"loc":{"start":{"line":41,"column":18},"end":{"line":45,"column":3}},"line":41},"2":{"name":"(anonymous_2)","decl":{"start":{"line":47,"column":12},"end":{"line":47,"column":13}},"loc":{"start":{"line":47,"column":18},"end":{"line":56,"column":3}},"line":47},"3":{"name":"(anonymous_3)","decl":{"start":{"line":58,"column":12},"end":{"line":58,"column":13}},"loc":{"start":{"line":58,"column":18},"end":{"line":61,"column":3}},"line":58},"4":{"name":"(anonymous_4)","decl":{"start":{"line":63,"column":19},"end":{"line":63,"column":20}},"loc":{"start":{"line":63,"column":25},"end":{"line":71,"column":3}},"line":63}},"branchMap":{"0":{"loc":{"start":{"line":42,"column":4},"end":{"line":44,"column":5}},"type":"if","locations":[{"start":{"line":42,"column":4},"end":{"line":44,"column":5}},{"start":{"line":42,"column":4},"end":{"line":44,"column":5}}],"line":42},"1":{"loc":{"start":{"line":48,"column":4},"end":{"line":55,"column":5}},"type":"if","locations":[{"start":{"line":48,"column":4},"end":{"line":55,"column":5}},{"start":{"line":48,"column":4},"end":{"line":55,"column":5}}],"line":48},"2":{"loc":{"start":{"line":48,"column":8},"end":{"line":48,"column":54}},"type":"binary-expr","locations":[{"start":{"line":48,"column":8},"end":{"line":48,"column":33}},{"start":{"line":48,"column":37},"end":{"line":48,"column":54}}],"line":48},"3":{"loc":{"start":{"line":50,"column":11},"end":{"line":55,"column":5}},"type":"if","locations":[{"start":{"line":50,"column":11},"end":{"line":55,"column":5}},{"start":{"line":50,"column":11},"end":{"line":55,"column":5}}],"line":50},"4":{"loc":{"start":{"line":51,"column":6},"end":{"line":52,"column":41}},"type":"binary-expr","locations":[{"start":{"line":51,"column":6},"end":{"line":51,"column":31}},{"start":{"line":52,"column":6},"end":{"line":52,"column":41}}],"line":51},"5":{"loc":{"start":{"line":64,"column":4},"end":{"line":70,"column":5}},"type":"if","locations":[{"start":{"line":64,"column":4},"end":{"line":70,"column":5}},{"start":{"line":64,"column":4},"end":{"line":70,"column":5}}],"line":64},"6":{"loc":{"start":{"line":66,"column":11},"end":{"line":70,"column":5}},"type":"if","locations":[{"start":{"line":66,"column":11},"end":{"line":70,"column":5}},{"start":{"line":66,"column":11},"end":{"line":70,"column":5}}],"line":66},"7":{"loc":{"start":{"line":67,"column":6},"end":{"line":69,"column":7}},"type":"if","locations":[{"start":{"line":67,"column":6},"end":{"line":69,"column":7}},{"start":{"line":67,"column":6},"end":{"line":69,"column":7}}],"line":67}},"s":{"0":1,"1":20,"2":20,"3":20,"4":18,"5":7,"6":7,"7":18,"8":8,"9":1,"10":7,"11":0,"12":18,"13":7,"14":18,"15":0,"16":0,"17":0,"18":0,"19":0,"20":18},"f":{"0":20,"1":7,"2":8,"3":7,"4":0},"b":{"0":[7,0],"1":[1,7],"2":[8,1],"3":[0,7],"4":[7,0],"5":[0,0],"6":[0,0],"7":[0,0]},"_coverageSchema":"1a1c01bbd47fc00a2c39e90264f33305004495a9","hash":"815b64cf187738e4453c8bd7e6040ef81c3c25a6"}
}
