TN:
SF:src/Navigation.tsx
FN:35,(anonymous_0)
FN:40,(anonymous_1)
FN:47,(anonymous_2)
FN:53,(anonymous_3)
FN:62,(anonymous_4)
FN:72,(anonymous_5)
FNF:6
FNH:0
FNDA:0,(anonymous_0)
FNDA:0,(anonymous_1)
FNDA:0,(anonymous_2)
FNDA:0,(anonymous_3)
FNDA:0,(anonymous_4)
FNDA:0,(anonymous_5)
DA:16,1
DA:17,1
DA:32,1
DA:35,1
DA:37,0
DA:40,0
DA:47,0
DA:53,0
DA:62,0
DA:72,1
DA:73,0
LF:11
LH:5
BRDA:64,0,0,0
BRDA:64,0,1,0
BRF:2
BRH:0
end_of_record
TN:
SF:src/components/CharacterDetailsItem.tsx
FN:15,(anonymous_0)
FN:17,(anonymous_1)
FN:27,(anonymous_2)
FN:37,(anonymous_3)
FNF:4
FNH:4
FNDA:15,(anonymous_0)
FNDA:15,(anonymous_1)
FNDA:15,(anonymous_2)
FNDA:15,(anonymous_3)
DA:15,2
DA:17,15
DA:18,15
DA:27,15
DA:28,15
DA:37,15
DA:39,15
DA:51,15
DA:58,2
LF:9
LH:9
BRF:0
BRH:0
end_of_record
TN:
SF:src/components/CharacterListItem.tsx
FN:17,(anonymous_0)
FN:19,(anonymous_1)
FN:24,(anonymous_2)
FN:38,(anonymous_3)
FN:60,(anonymous_4)
FNF:5
FNH:4
FNDA:10,(anonymous_0)
FNDA:10,(anonymous_1)
FNDA:10,(anonymous_2)
FNDA:10,(anonymous_3)
FNDA:0,(anonymous_4)
DA:15,1
DA:17,1
DA:19,10
DA:20,10
DA:24,10
DA:25,10
DA:26,10
DA:27,0
DA:29,10
DA:31,10
DA:38,10
DA:39,10
DA:40,10
DA:41,5
DA:48,5
DA:57,10
DA:61,0
DA:70,1
LF:18
LH:16
BRDA:26,0,0,0
BRDA:26,0,1,10
BRDA:29,1,0,10
BRDA:29,1,1,0
BRDA:32,2,0,5
BRDA:32,2,1,5
BRDA:40,3,0,5
BRDA:40,3,1,5
BRF:8
BRH:6
end_of_record
TN:
SF:src/components/EpisodInfoItem.tsx
FN:15,(anonymous_0)
FNF:1
FNH:0
FNDA:0,(anonymous_0)
DA:15,2
DA:17,0
DA:28,2
LF:3
LH:2
BRF:0
BRH:0
end_of_record
TN:
SF:src/graphql/queries/requests.ts
FNF:0
FNH:0
DA:7,2
DA:23,2
LF:2
LH:2
BRF:0
BRH:0
end_of_record
TN:
SF:src/screens/CharacterDetails/CharacterDetailsScreen.tsx
FN:15,(anonymous_0)
FN:28,(anonymous_1)
FN:47,(anonymous_2)
FNF:3
FNH:1
FNDA:15,(anonymous_0)
FNDA:0,(anonymous_1)
FNDA:0,(anonymous_2)
DA:15,2
DA:16,15
DA:17,15
DA:24,15
DA:25,5
DA:28,15
DA:30,0
DA:35,15
DA:47,0
DA:56,2
LF:10
LH:8
BRDA:24,0,0,5
BRDA:24,0,1,10
BRDA:41,1,0,15
BRDA:41,1,1,10
BRF:4
BRH:4
end_of_record
TN:
SF:src/screens/CharacterDetails/useCharacterDetails.ts
FN:23,(anonymous_0)
FN:33,(anonymous_1)
FNF:2
FNH:2
FNDA:15,(anonymous_0)
FNDA:5,(anonymous_1)
DA:23,2
DA:25,15
DA:33,15
DA:34,5
DA:35,5
DA:39,15
LF:6
LH:6
BRDA:34,0,0,5
BRDA:34,0,1,0
BRF:2
BRH:1
end_of_record
TN:
SF:src/screens/CharacterList/CharactersListScreen.tsx
FN:21,(anonymous_0)
FN:39,(anonymous_1)
FN:51,(anonymous_2)
FN:67,(anonymous_3)
FN:71,(anonymous_4)
FN:93,(anonymous_5)
FN:106,(anonymous_6)
FN:110,(anonymous_7)
FNF:8
FNH:7
FNDA:21,(anonymous_0)
FNDA:18,(anonymous_1)
FNDA:17,(anonymous_2)
FNDA:10,(anonymous_3)
FNDA:0,(anonymous_4)
FNDA:1,(anonymous_5)
FNDA:31,(anonymous_6)
FNDA:13,(anonymous_7)
DA:21,1
DA:22,21
DA:24,21
DA:25,20
DA:30,18
DA:32,18
DA:33,4
DA:34,0
DA:39,18
DA:40,18
DA:41,0
DA:47,18
DA:51,18
DA:52,17
DA:53,12
DA:64,5
DA:67,18
DA:68,10
DA:73,0
DA:84,18
DA:94,1
DA:95,1
DA:106,31
DA:110,13
DA:124,1
LF:25
LH:22
BRDA:32,0,0,4
BRDA:32,0,1,14
BRDA:33,1,0,0
BRDA:33,1,1,4
BRDA:33,2,0,4
BRDA:33,2,1,4
BRDA:40,3,0,0
BRDA:40,3,1,18
BRDA:40,4,0,18
BRDA:40,4,1,5
BRDA:52,5,0,12
BRDA:52,5,1,5
BRDA:52,6,0,17
BRDA:52,6,1,12
BRDA:55,7,0,12
BRDA:55,7,1,0
BRDA:58,8,0,12
BRDA:58,8,1,8
BRF:18
BRH:15
end_of_record
TN:
SF:src/screens/CharacterList/useCharacterList.ts
FN:27,(anonymous_0)
FN:41,(anonymous_1)
FN:47,(anonymous_2)
FN:58,(anonymous_3)
FN:63,(anonymous_4)
FNF:5
FNH:4
FNDA:20,(anonymous_0)
FNDA:7,(anonymous_1)
FNDA:8,(anonymous_2)
FNDA:7,(anonymous_3)
FNDA:0,(anonymous_4)
DA:27,1
DA:28,20
DA:29,20
DA:32,20
DA:41,18
DA:42,7
DA:43,7
DA:47,18
DA:48,8
DA:49,1
DA:50,7
DA:54,0
DA:58,18
DA:59,7
DA:63,18
DA:64,0
DA:65,0
DA:66,0
DA:67,0
DA:68,0
DA:73,18
LF:21
LH:15
BRDA:42,0,0,7
BRDA:42,0,1,0
BRDA:48,1,0,1
BRDA:48,1,1,7
BRDA:48,2,0,8
BRDA:48,2,1,1
BRDA:50,3,0,0
BRDA:50,3,1,7
BRDA:51,4,0,7
BRDA:51,4,1,0
BRDA:64,5,0,0
BRDA:64,5,1,0
BRDA:66,6,0,0
BRDA:66,6,1,0
BRDA:67,7,0,0
BRDA:67,7,1,0
BRF:16
BRH:7
end_of_record
